<?xml version="1.0" encoding="UTF-8"?>
<testsuite name="MatchTest" tests="3" skipped="0" failures="0" errors="0" timestamp="2021-09-22T05:35:43" hostname="Jayas-MacBook-Pro.local" time="0.778">
  <properties/>
  <testcase name="shouldReturnFalseIfTargetDoesNotMet()" classname="MatchTest" time="0.738"/>
  <testcase name="shouldReturnFalseIfBatsmanAndBallerHaveSameNumber()" classname="MatchTest" time="0.005"/>
  <testcase name="shouldReturnTrueIfTargetMet()" classname="MatchTest" time="0.027"/>
  <system-out><![CDATA[]]></system-out>
  <system-err><![CDATA[]]></system-err>
</testsuite>
