<?xml version="1.0" encoding="UTF-8"?>
<testsuite name="DefenciveBatsmanTest" tests="2" skipped="0" failures="0" errors="0" timestamp="2021-09-22T06:14:04" hostname="Jayas-MacBook-Pro.local" time="0.754">
  <properties/>
  <testcase name="shouldReturnTrueIfDefenciveBatsmanHitsOnlyBetweenZeroToThree()" classname="DefenciveBatsmanTest" time="0.743"/>
  <testcase name="shouldReturnTrueIfDefenciveBatsmanHitsMoreThanThree()" classname="DefenciveBatsmanTest" time="0.004"/>
  <system-out><![CDATA[]]></system-out>
  <system-err><![CDATA[]]></system-err>
</testsuite>
